<?xml version="1.0" encoding="UTF-8"?>
<testsuite xmlns:xsi="http://www.w3.org/2001/XMLSchema-instance" xsi:noNamespaceSchemaLocation="https://maven.apache.org/surefire/maven-surefire-plugin/xsd/surefire-test-report-3.0.xsd" version="3.0" name="Modelo.DAO.EmpleadoDAOTest" time="0.625" tests="4" errors="0" skipped="0" failures="0">
  <properties>
[...]
</properties>
  <testcase name="testCrearEmpleado" classname="Modelo.DAO.EmpleadoDAOTest" time="0.45"/>
  <testcase name="testActualizarEmpleado" classname="Modelo.DAO.EmpleadoDAOTest" time="0.071"/>
  <testcase name="testEliminarEmpleado" classname="Modelo.DAO.EmpleadoDAOTest" time="0.049"/>
  <testcase name="testLeerEmpleado" classname="Modelo.DAO.EmpleadoDAOTest" time="0.04"/>
</testsuite>